19:51:34.297 [main] INFO  org.testng.internal.Utils -- [TestNG] Running:
  C:\Users\Natalie Demin\AppData\Local\JetBrains\IdeaIC2023.3\temp-testng-customsuite.xml

19:51:35.971 [main] INFO  com.ebay.fw.ApplicationManager -- Tests start in Chrome Browser
19:51:38.281 [main] INFO  com.ebay.fw.ApplicationManager -- Current URL is https://www.ebay.de/
19:51:38.282 [main] INFO  com.ebay.fw.ApplicationManager -- ********************************************
19:51:38.521 [main] INFO  com.ebay.tests.TestBase -- Start test searchItemPositiveTest
19:51:38.524 [main] INFO  com.ebay.fw.MyListener -- Before find element By.cssSelector: #v-flyout-nav>ul>li:nth-child(3)
19:51:38.526 [main] INFO  com.ebay.fw.MyListener -- ******************************************
19:51:48.604 [main] INFO  com.ebay.fw.MyListener -- Test have a problem
19:51:48.604 [main] INFO  com.ebay.fw.MyListener -- *******************************************
19:51:48.604 [main] INFO  com.ebay.fw.MyListener -- Method is findElement
19:51:48.604 [main] INFO  com.ebay.fw.MyListener -- *******************************************
19:51:48.606 [main] INFO  com.ebay.fw.MyListener -- Target exception is org.openqa.selenium.NoSuchElementException: no such element: Unable to locate element: {"method":"css selector","selector":"#v-flyout-nav>ul>li:nth-child(3)"}
  (Session info: chrome=121.0.6167.189)
For documentation on this error, please visit: https://www.selenium.dev/documentation/webdriver/troubleshooting/errors#no-such-element-exception
Build info: version: '4.17.0', revision: 'e52b1be057*'
System info: os.name: 'Windows 11', os.arch: 'amd64', os.version: '10.0', java.version: '11.0.21'
Driver info: org.openqa.selenium.chrome.ChromeDriver
Command: [b5865b149af353cb44344ddfc196d793, findElement {using=css selector, value=#v-flyout-nav>ul>li:nth-child(3)}]
Capabilities {acceptInsecureCerts: false, browserName: chrome, browserVersion: 121.0.6167.189, chrome: {chromedriverVersion: 121.0.6167.85 (3f98d690ad7e..., userDataDir: C:\Users\NATALI~1\AppData\L...}, fedcm:accounts: true, goog:chromeOptions: {debuggerAddress: localhost:50736}, networkConnectionEnabled: false, pageLoadStrategy: normal, platformName: windows, proxy: Proxy(), se:cdp: ws://localhost:50736/devtoo..., se:cdpVersion: 121.0.6167.189, setWindowRect: true, strictFileInteractability: false, timeouts: {implicit: 0, pageLoad: 300000, script: 30000}, unhandledPromptBehavior: dismiss and notify, webauthn:extension:credBlob: true, webauthn:extension:largeBlob: true, webauthn:extension:minPinLength: true, webauthn:extension:prf: true, webauthn:virtualAuthenticators: true}
Session ID: b5865b149af353cb44344ddfc196d793
19:51:48.606 [main] INFO  com.ebay.fw.MyListener -- *******************************************
19:51:48.607 [main] INFO  com.ebay.fw.MyListener -- Object target is ChromeDriver: chrome on windows (b5865b149af353cb44344ddfc196d793)
19:51:48.607 [main] INFO  com.ebay.fw.MyListener -- *******************************************
19:51:48.607 [main] INFO  com.ebay.fw.MyListener -- Screen with error --> screenshots/screen514.png
19:51:48.984 [main] ERROR com.ebay.tests.TestBase -- FAILED: searchItemPositiveTest
19:51:48.984 [main] INFO  com.ebay.tests.TestBase -- **************************************************
